<?xml version="1.0" encoding="UTF-8" ?>
<testsuite tests="30" failures="0" name="Java_TTT.players.HardAITest" time="2.595" errors="0" skipped="0">
  <properties>
[...]
</properties>
  <testcase classname="Java_TTT.players.HardAITest" name="blocksOpponentWinOn4x4Board" time="0.002"/>
  <testcase classname="Java_TTT.players.HardAITest" name="returnsWinningSpotWhenThereAreSixSpotsOnTheBoard" time="0"/>
  <testcase classname="Java_TTT.players.HardAITest" name="returnsBlockIfCompCannotWinInNextMove" time="0"/>
  <testcase classname="Java_TTT.players.HardAITest" name="benchmarkTestForDepth6On3x3BoardReturnsCorrectMove" time="0.003"/>
  <testcase classname="Java_TTT.players.HardAITest" name="returnsBestMoveAfterOpponentPlacesFirstMove" time="0.011"/>
  <testcase classname="Java_TTT.players.HardAITest" name="AIWinsIfBoardHasThreeInARow" time="0"/>
  <testcase classname="Java_TTT.players.HardAITest" name="benchmarkTestForDepth5On4x4Board" time="0.705"/>
  <testcase classname="Java_TTT.players.HardAITest" name="picksMoveAgainstOpponentOn4x4Board" time="0.538"/>
  <testcase classname="Java_TTT.players.HardAITest" name="picksFirstMoveOn4x4Board" time="0.035"/>
  <testcase classname="Java_TTT.players.HardAITest" name="returnsWinningMoveIfFiveSpacesLeft" time="0.001"/>
  <testcase classname="Java_TTT.players.HardAITest" name="makesMoveOn4x4BoardToWin" time="0.009"/>
  <testcase classname="Java_TTT.players.HardAITest" name="benchmarkTestForDepth4On4x4BoardGetsCorrectMove" time="0.655"/>
  <testcase classname="Java_TTT.players.HardAITest" name="returnsBlockingMove" time="0.004"/>
  <testcase classname="Java_TTT.players.HardAITest" name="getsMoveToBlockOn4x4Board" time="0.008"/>
  <testcase classname="Java_TTT.players.HardAITest" name="XWinsIfBoardHas4InARow" time="0"/>
  <testcase classname="Java_TTT.players.HardAITest" name="picksThirdMoveOn4x4Board" time="0.129"/>
  <testcase classname="Java_TTT.players.HardAITest" name="returnsWinForItselfOn4x4Board" time="0.008"/>
  <testcase classname="Java_TTT.players.HardAITest" name="returnsBlockForOpponent" time="0.002"/>
  <testcase classname="Java_TTT.players.HardAITest" name="returnsWinForItselfRatherThanBlockingOpponentFromWinning" time="0"/>
  <testcase classname="Java_TTT.players.HardAITest" name="testForCatsGame" time="0"/>
  <testcase classname="Java_TTT.players.HardAITest" name="returnsWinningMoveAndBlocksOpponent" time="0"/>
  <testcase classname="Java_TTT.players.HardAITest" name="picksWinningMoveOn4x4Board" time="0.002"/>
  <testcase classname="Java_TTT.players.HardAITest" name="makesMoveToWinInNextMoveOn4x4Board" time="0.001"/>
  <testcase classname="Java_TTT.players.HardAITest" name="OWinsIfBoardHas4InARow" time="0.001"/>
  <testcase classname="Java_TTT.players.HardAITest" name="returnsWinForItself" time="0"/>
  <testcase classname="Java_TTT.players.HardAITest" name="XWinsIfBoardHasThreeInARow" time="0"/>
  <testcase classname="Java_TTT.players.HardAITest" name="picksASpaceIfBoardEmpty" time="0.006"/>
  <testcase classname="Java_TTT.players.HardAITest" name="benchmarkTestForDepth6On4x4BoardGetsCorrectMoveScenarioOne" time="0.009"/>
  <testcase classname="Java_TTT.players.HardAITest" name="benchmarkTestForDepth6On4x4BoardGetsCorrectMoveScenarioTwo" time="0.461"/>
  <testcase classname="Java_TTT.players.HardAITest" name="benchmarkTestForDepth6On3x3BoardReturnsMiddleSpace" time="0.005"/>
</testsuite>